<?xml version='1.0' encoding='UTF-8'?>
<testsuite hostname="DESKTOP-OP" name="ImageConverterSpec" tests="8" errors="0" failures="0" skipped="0" time="0.712" timestamp="2022-06-07T16:59:38">
                     <properties>
[...]
</properties>
                     <testcase classname="ImageConverterSpec" name="A Image should be equal to self" time="0.177">
                                                 
                                               </testcase><testcase classname="ImageConverterSpec" name="A Image should be double inverted" time="0.234">
                                                 
                                               </testcase><testcase classname="ImageConverterSpec" name="A Image should be double x fliped" time="0.148">
                                                 
                                               </testcase><testcase classname="ImageConverterSpec" name="A Image should be double y fliped" time="0.151">
                                                 
                                               </testcase><testcase classname="ImageConverterSpec" name="A Color should be the same after transformation" time="0.001">
                                                 
                                               </testcase><testcase classname="ImageConverterSpec" name="A Color should check transform" time="0.0">
                                                 
                                               </testcase><testcase classname="ImageConverterSpec" name="A Color should be the same after invert" time="0.001">
                                                 
                                               </testcase><testcase classname="ImageConverterSpec" name="A RGB should be the same after transformation" time="0.0">
                                                 
                                               </testcase>
                     <system-out><![CDATA[]]></system-out>
                     <system-err><![CDATA[]]></system-err>
                   </testsuite>